build/app/intermediates/manifest_merge_blame_file/release/manifest-merger-blame-release-report.txt
1<?xml version="1.0" encoding="utf-8"?>
2<manifest xmlns:android="http://schemas.android.com/apk/res/android"
3    package="com.mmb.tems"
4    android:versionCode="1"
5    android:versionName="1.0.0" >
6
7    <uses-sdk
8        android:minSdkVersion="29"
8-->src/main/AndroidManifest.xml
9        android:targetSdkVersion="34" />
9-->src/main/AndroidManifest.xml
10
11    <uses-permission android:name="android.permission.INTERNET" />
11-->src/main/AndroidManifest.xml:4:5-66
11-->src/main/AndroidManifest.xml:4:22-64
12    <uses-permission android:name="android.permission.FOREGROUND_SERVICE" />
12-->[:geolocator_android] AndroidManifest.xml:9:5-77
12-->[:geolocator_android] AndroidManifest.xml:9:22-74
13
14    <permission
14-->[androidx.core:core:1.9.0] AndroidManifest.xml:22:5-24:47
15        android:name="com.mmb.tems.DYNAMIC_RECEIVER_NOT_EXPORTED_PERMISSION"
15-->[androidx.core:core:1.9.0] AndroidManifest.xml:23:9-81
16        android:protectionLevel="signature" />
16-->[androidx.core:core:1.9.0] AndroidManifest.xml:24:9-44
17
18    <uses-permission android:name="com.mmb.tems.DYNAMIC_RECEIVER_NOT_EXPORTED_PERMISSION" />
18-->[androidx.core:core:1.9.0] AndroidManifest.xml:26:5-97
18-->[androidx.core:core:1.9.0] AndroidManifest.xml:26:22-94
19
20    <application
21        android:name="android.app.Application"
21-->src/main/AndroidManifest.xml:8:9-42
22        android:appComponentFactory="androidx.core.app.CoreComponentFactory"
22-->[androidx.core:core:1.9.0] AndroidManifest.xml:28:18-86
23        android:extractNativeLibs="false"
24        android:icon="@mipmap/ic_launcher"
24-->src/main/AndroidManifest.xml:9:9-43
25        android:label="Tide View" >
25-->src/main/AndroidManifest.xml:7:9-34
26        <activity
26-->src/main/AndroidManifest.xml:10:9-30:20
27            android:name="com.mmb.tems.MainActivity"
27-->src/main/AndroidManifest.xml:11:13-41
28            android:configChanges="orientation|keyboardHidden|keyboard|screenSize|smallestScreenSize|locale|layoutDirection|fontScale|screenLayout|density|uiMode"
28-->src/main/AndroidManifest.xml:15:13-163
29            android:exported="true"
29-->src/main/AndroidManifest.xml:12:13-36
30            android:hardwareAccelerated="true"
30-->src/main/AndroidManifest.xml:16:13-47
31            android:launchMode="singleTop"
31-->src/main/AndroidManifest.xml:13:13-43
32            android:theme="@style/LaunchTheme"
32-->src/main/AndroidManifest.xml:14:13-47
33            android:windowSoftInputMode="adjustResize" >
33-->src/main/AndroidManifest.xml:17:13-55
34
35            <!--
36                 Specifies an Android theme to apply to this Activity as soon as
37                 the Android process has started. This theme is visible to the user
38                 while the Flutter UI initializes. After that, this theme continues
39                 to determine the Window background behind the Flutter UI.
40            -->
41            <meta-data
41-->src/main/AndroidManifest.xml:22:13-25:17
42                android:name="io.flutter.embedding.android.NormalTheme"
42-->src/main/AndroidManifest.xml:23:15-70
43                android:resource="@style/NormalTheme" />
43-->src/main/AndroidManifest.xml:24:15-52
44
45            <intent-filter>
45-->src/main/AndroidManifest.xml:26:13-29:29
46                <action android:name="android.intent.action.MAIN" />
46-->src/main/AndroidManifest.xml:27:17-68
46-->src/main/AndroidManifest.xml:27:25-66
47
48                <category android:name="android.intent.category.LAUNCHER" />
48-->src/main/AndroidManifest.xml:28:17-76
48-->src/main/AndroidManifest.xml:28:27-74
49            </intent-filter>
50        </activity>
51        <!--
52             Don't delete the meta-data below.
53             This is used by the Flutter tool to generate GeneratedPluginRegistrant.java
54        -->
55        <meta-data
55-->src/main/AndroidManifest.xml:33:9-35:33
56            android:name="flutterEmbedding"
56-->src/main/AndroidManifest.xml:34:13-44
57            android:value="2" />
57-->src/main/AndroidManifest.xml:35:13-30
58
59        <service
59-->[:geolocator_android] AndroidManifest.xml:12:9-16:56
60            android:name="com.baseflow.geolocator.GeolocatorLocationService"
60-->[:geolocator_android] AndroidManifest.xml:13:13-77
61            android:enabled="true"
61-->[:geolocator_android] AndroidManifest.xml:14:13-35
62            android:exported="false"
62-->[:geolocator_android] AndroidManifest.xml:15:13-37
63            android:foregroundServiceType="location" />
63-->[:geolocator_android] AndroidManifest.xml:16:13-53
64
65        <provider
65-->[:share] AndroidManifest.xml:10:9-18:20
66            android:name="io.flutter.plugins.share.ShareFileProvider"
66-->[:share] AndroidManifest.xml:11:13-70
67            android:authorities="com.mmb.tems.flutter.share_provider"
67-->[:share] AndroidManifest.xml:12:13-74
68            android:exported="false"
68-->[:share] AndroidManifest.xml:13:13-37
69            android:grantUriPermissions="true" >
69-->[:share] AndroidManifest.xml:14:13-47
70            <meta-data
70-->[:share] AndroidManifest.xml:15:13-17:68
71                android:name="android.support.FILE_PROVIDER_PATHS"
71-->[:share] AndroidManifest.xml:16:17-67
72                android:resource="@xml/flutter_share_file_paths" />
72-->[:share] AndroidManifest.xml:17:17-65
73        </provider>
74
75        <uses-library
75-->[androidx.window:window:1.0.0-beta04] AndroidManifest.xml:25:9-27:40
76            android:name="androidx.window.extensions"
76-->[androidx.window:window:1.0.0-beta04] AndroidManifest.xml:26:13-54
77            android:required="false" />
77-->[androidx.window:window:1.0.0-beta04] AndroidManifest.xml:27:13-37
78        <uses-library
78-->[androidx.window:window:1.0.0-beta04] AndroidManifest.xml:28:9-30:40
79            android:name="androidx.window.sidecar"
79-->[androidx.window:window:1.0.0-beta04] AndroidManifest.xml:29:13-51
80            android:required="false" />
80-->[androidx.window:window:1.0.0-beta04] AndroidManifest.xml:30:13-37
81
82        <activity
82-->[com.google.android.gms:play-services-base:18.1.0] AndroidManifest.xml:20:9-22:45
83            android:name="com.google.android.gms.common.api.GoogleApiActivity"
83-->[com.google.android.gms:play-services-base:18.1.0] AndroidManifest.xml:20:19-85
84            android:exported="false"
84-->[com.google.android.gms:play-services-base:18.1.0] AndroidManifest.xml:22:19-43
85            android:theme="@android:style/Theme.Translucent.NoTitleBar" />
85-->[com.google.android.gms:play-services-base:18.1.0] AndroidManifest.xml:21:19-78
86
87        <meta-data
87-->[com.google.android.gms:play-services-basement:18.1.0] AndroidManifest.xml:21:9-23:69
88            android:name="com.google.android.gms.version"
88-->[com.google.android.gms:play-services-basement:18.1.0] AndroidManifest.xml:22:13-58
89            android:value="@integer/google_play_services_version" />
89-->[com.google.android.gms:play-services-basement:18.1.0] AndroidManifest.xml:23:13-66
90    </application>
91
92</manifest>